Determining if the function clock_gettime exists in the rt failed with the following output:
Change Dir: C:/Users/win1064/Desktop/libiec61850-1.5.3/build_static/CMakeFiles/CMakeTmp

Run Build Command(s):C:/Program Files (x86)/MSBuild/12.0/bin/MSBuild.exe cmTC_d1efe.vcxproj /p:Configuration=Debug /p:Platform=x64 /p:VisualStudioVersion=12.0 /v:m && Microsoft(R) 生成引擎版本 12.0.21005.1
[Microsoft .NET Framework 版本 4.0.30319.42000]
版权所有 (C) Microsoft Corporation。保留所有权利。

  用于 x64 的 Microsoft (R) C/C++ 优化编译器 18.00.21005.1 版
  版权所有(C) Microsoft Corporation。  保留所有权利。
  
  cl /c /Zi /W3 /WX- /Od /Ob0 /D _MBCS /D WIN32 /D _WINDOWS /D CHECK_FUNCTION_EXISTS=clock_gettime /D "CMAKE_INTDIR=\"Debug\"" /Gm- /RTC1 /MDd /GS /fp:precise /Zc:wchar_t /Zc:forScope /Fo"cmTC_d1efe.dir\Debug\\" /Fd"cmTC_d1efe.dir\Debug\vc120.pdb" /Gd /TC /errorReport:queue "E:\programming\cmake\share\cmake-3.23\Modules\CheckFunctionExists.c"
  
  CheckFunctionExists.c
LINK : fatal error LNK1104: 无法打开文件“rt.lib” [C:\Users\win1064\Desktop\libiec61850-1.5.3\build_static\CMakeFiles\CMakeTmp\cmTC_d1efe.vcxproj]



Performing C SOURCE FILE Test SUPPORT_REDUNDANT_DECLS failed with the following output:
Change Dir: C:/Users/win1064/Desktop/libiec61850-1.5.3/build_static/CMakeFiles/CMakeTmp

Run Build Command(s):C:/Program Files (x86)/MSBuild/12.0/bin/MSBuild.exe cmTC_ea00d.vcxproj /p:Configuration=Debug /p:Platform=x64 /p:VisualStudioVersion=12.0 /v:m && Microsoft(R) 生成引擎版本 12.0.21005.1
[Microsoft .NET Framework 版本 4.0.30319.42000]
版权所有 (C) Microsoft Corporation。保留所有权利。

  用于 x64 的 Microsoft (R) C/C++ 优化编译器 18.00.21005.1 版
  版权所有(C) Microsoft Corporation。  保留所有权利。
  
  cl /c /Zi /W3 /WX- /Od /Ob0 /D _MBCS /D WIN32 /D _WINDOWS /D SUPPORT_REDUNDANT_DECLS /D "CMAKE_INTDIR=\"Debug\"" /Gm- /RTC1 /MDd /GS /fp:precise /Zc:wchar_t /Zc:forScope /Fo"cmTC_ea00d.dir\Debug\\" /Fd"cmTC_ea00d.dir\Debug\vc120.pdb" /Gd /TC /errorReport:queue  -Wredundant-decls "C:\Users\win1064\Desktop\libiec61850-1.5.3\build_static\CMakeFiles\CMakeTmp\src.c"
cl : 命令行 error D8021: 无效的数值参数“/Wredundant-decls” [C:\Users\win1064\Desktop\libiec61850-1.5.3\build_static\CMakeFiles\CMakeTmp\cmTC_ea00d.vcxproj]


Source file was:
int main(void) { return 0; }
